
> shopify-profit-ops-system@0.1.0 start
> next start --port 3007

   ▲ Next.js 15.5.14
   - Local:        http://localhost:3007
   - Network:      http://192.168.1.164:3007

 ✓ Starting...
 ✓ Ready in 1430ms
prisma:error 
Invalid `prisma.store.findFirst()` invocation:


Can't reach database server at `localhost:5432`

Please make sure your database server is running at `localhost:5432`.
prisma:error 
Invalid `prisma.store.findFirst()` invocation:


Can't reach database server at `localhost:5432`

Please make sure your database server is running at `localhost:5432`.
prisma:error 
Invalid `prisma.store.findFirst()` invocation:


Can't reach database server at `localhost:5432`

Please make sure your database server is running at `localhost:5432`.
prisma:error 
Invalid `prisma.store.findFirst()` invocation:


Can't reach database server at `localhost:5432`

Please make sure your database server is running at `localhost:5432`.
prisma:error 
Invalid `prisma.store.findFirst()` invocation:


Can't reach database server at `localhost:5432`

Please make sure your database server is running at `localhost:5432`.
prisma:error 
Invalid `prisma.store.findFirst()` invocation:


Can't reach database server at `localhost:5432`

Please make sure your database server is running at `localhost:5432`.
prisma:error 
Invalid `prisma.store.findFirst()` invocation:


Can't reach database server at `localhost:5432`

Please make sure your database server is running at `localhost:5432`.
prisma:error 
Invalid `prisma.store.findFirst()` invocation:


Can't reach database server at `localhost:5432`

Please make sure your database server is running at `localhost:5432`.
